<?xml version="1.0" encoding="UTF-8"?>
<!-- Generated by org.testng.reporters.JUnitReportReporter -->
<testsuite hostname="BYOD-663311" failures="0" tests="1" name="day5.DemoTestHRM" time="3.184" errors="0" timestamp="2024-09-05T12:44:43 IST" skipped="0">
  <testcase classname="day5.DemoTestHRM" name="login" time="3.184"/>
</testsuite> <!-- day5.DemoTestHRM -->
