<?xml version="1.0" encoding="UTF-8"?>
<!-- Generated by org.testng.reporters.JUnitReportReporter -->
<testsuite hostname="BYOD-663311" failures="0" tests="1" name="day1.A" time="0.249" errors="0" timestamp="2024-07-23T10:49:28 IST" skipped="0">
  <testcase classname="day1.A" name="Verifypage" time="0.249"/>
</testsuite> <!-- day1.A -->
